[debug] [2023-04-09T09:12:28.086Z] ----------------------------------------------------------------------
[debug] [2023-04-09T09:12:28.088Z] Command:       C:\Program Files\nodejs\node.exe C:\Users\Likhita\AppData\Roaming\npm\node_modules\firebase-tools\lib\bin\firebase.js init
[debug] [2023-04-09T09:12:28.089Z] CLI Version:   11.25.3
[debug] [2023-04-09T09:12:28.089Z] Platform:      win32
[debug] [2023-04-09T09:12:28.089Z] Node Version:  v16.16.0
[debug] [2023-04-09T09:12:28.090Z] Time:          Sun Apr 09 2023 14:42:28 GMT+0530 (India Standard Time)
[debug] [2023-04-09T09:12:28.091Z] ----------------------------------------------------------------------
[debug] 
[debug] [2023-04-09T09:12:28.101Z] > command requires scopes: ["email","openid","https://www.googleapis.com/auth/cloudplatformprojects.readonly","https://www.googleapis.com/auth/firebase","https://www.googleapis.com/auth/cloud-platform"]
[debug] [2023-04-09T09:12:28.102Z] > authorizing via signed-in user (likhita71195@gmail.com)
[info] 
     ######## #### ########  ######## ########     ###     ######  ########
     ##        ##  ##     ## ##       ##     ##  ##   ##  ##       ##
     ######    ##  ########  ######   ########  #########  ######  ######
     ##        ##  ##    ##  ##       ##     ## ##     ##       ## ##
     ##       #### ##     ## ######## ########  ##     ##  ######  ########

You're about to initialize a Firebase project in this directory:

  C:\Users\Likhita\OneDrive - XLRI\Desktop\projects\quiz

[info] 
=== Project Setup
[info] 
[info] First, let's associate this project directory with a Firebase project.
[info] You can create multiple project aliases by running firebase use --add, 
[info] but for now we'll just set up a default project.
[info] 
[debug] [2023-04-09T09:12:43.562Z] >>> [apiv2][query] GET https://firebase.googleapis.com/v1beta1/projects pageSize=100
[debug] [2023-04-09T09:12:44.547Z] <<< [apiv2][status] GET https://firebase.googleapis.com/v1beta1/projects 200
[debug] [2023-04-09T09:12:44.549Z] <<< [apiv2][body] GET https://firebase.googleapis.com/v1beta1/projects [omitted]
[info] i  Using project quiz-a1660 (quiz) 
[info] 
=== Hosting Setup
[info] 
[info] Your public directory is the folder (relative to your project directory) that
[info] will contain Hosting assets to be uploaded with firebase deploy. If you
[info] have a build process for your assets, use your build's output directory.
[info] 
[info] +  Wrote public/404.html 
[debug] [2023-04-09T09:14:18.150Z] >>> [apiv2][query] GET https://www.gstatic.com/firebasejs/releases.json [none]
[debug] [2023-04-09T09:14:18.317Z] <<< [apiv2][status] GET https://www.gstatic.com/firebasejs/releases.json 200
[debug] [2023-04-09T09:14:18.319Z] <<< [apiv2][body] GET https://www.gstatic.com/firebasejs/releases.json {"current":{"version":"9.19.1","browserURL":"https://www.gstatic.com/firebasejs/9.19.1/firebase.js","packageURL":"https://www.gstatic.com/firebasejs/9.19.1/firebase.tgz"},"live":{"version":"9.19","browserURL":"https://www.gstatic.com/firebasejs/live/9.19/firebase.js","packageURL":"https://www.gstatic.com/firebasejs/live/9.19/firebase.tgz"},"components":{"analytics":"https://www.gstatic.com/firebasejs/9.19.1/firebase-analytics.js","app":"https://www.gstatic.com/firebasejs/9.19.1/firebase-app.js","app-check":"https://www.gstatic.com/firebasejs/9.19.1/firebase-app-check.js","auth":"https://www.gstatic.com/firebasejs/9.19.1/firebase-auth.js","auth/cordova":"https://www.gstatic.com/firebasejs/9.19.1/firebase-auth/cordova.js","auth/react-native":"https://www.gstatic.com/firebasejs/9.19.1/firebase-auth/react-native.js","functions":"https://www.gstatic.com/firebasejs/9.19.1/firebase-functions.js","firestore":"https://www.gstatic.com/firebasejs/9.19.1/firebase-firestore.js","firestore/lite":"https://www.gstatic.com/firebasejs/9.19.1/firebase-firestore/lite.js","installations":"https://www.gstatic.com/firebasejs/9.19.1/firebase-installations.js","storage":"https://www.gstatic.com/firebasejs/9.19.1/firebase-storage.js","performance":"https://www.gstatic.com/firebasejs/9.19.1/firebase-performance.js","remote-config":"https://www.gstatic.com/firebasejs/9.19.1/firebase-remote-config.js","messaging":"https://www.gstatic.com/firebasejs/9.19.1/firebase-messaging.js","messaging/sw":"https://www.gstatic.com/firebasejs/9.19.1/firebase-messaging/sw.js","database":"https://www.gstatic.com/firebasejs/9.19.1/firebase-database.js","firestore.memory":"https://www.gstatic.com/firebasejs/9.19.1/firebase-firestore.memory.js"}}
[info] i  Skipping write of public/index.html 
[info] 
[info] i  Detected a .git folder at C:\Users\Likhita\OneDrive - XLRI\Desktop\projects\quiz 
[info] i  Authorizing with GitHub to upload your service account to a GitHub repository's secrets store. 
[info] 
[info] Visit this URL on this device to log in:
[info] https://github.com/login/oauth/authorize?client_id=89cf50f02ac6aaed3484&state=540300801&redirect_uri=http%3A%2F%2Flocalhost%3A9005&scope=read%3Auser%20repo%20public_repo
[info] 
[info] Waiting for authentication...
[debug] [2023-04-09T09:14:50.176Z] >>> [apiv2][query] POST https://github.com/login/oauth/access_token [none]
[debug] [2023-04-09T09:14:50.176Z] >>> [apiv2][body] POST https://github.com/login/oauth/access_token [stream]
[debug] [2023-04-09T09:14:50.573Z] <<< [apiv2][status] POST https://github.com/login/oauth/access_token 200
[debug] [2023-04-09T09:14:50.574Z] <<< [apiv2][body] POST https://github.com/login/oauth/access_token {"access_token":"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","token_type":"bearer","scope":"read:user,repo"}
[debug] [2023-04-09T09:14:50.593Z] >>> [apiv2][query] GET https://api.github.com/user [none]
[debug] [2023-04-09T09:14:51.029Z] <<< [apiv2][status] GET https://api.github.com/user 200
[debug] [2023-04-09T09:14:51.030Z] <<< [apiv2][body] GET https://api.github.com/user {"login":"Ritika1911","id":72461423,"node_id":"MDQ6VXNlcjcyNDYxNDIz","avatar_url":"https://avatars.githubusercontent.com/u/72461423?v=4","gravatar_id":"","url":"https://api.github.com/users/Ritika1911","html_url":"https://github.com/Ritika1911","followers_url":"https://api.github.com/users/Ritika1911/followers","following_url":"https://api.github.com/users/Ritika1911/following{/other_user}","gists_url":"https://api.github.com/users/Ritika1911/gists{/gist_id}","starred_url":"https://api.github.com/users/Ritika1911/starred{/owner}{/repo}","subscriptions_url":"https://api.github.com/users/Ritika1911/subscriptions","organizations_url":"https://api.github.com/users/Ritika1911/orgs","repos_url":"https://api.github.com/users/Ritika1911/repos","events_url":"https://api.github.com/users/Ritika1911/events{/privacy}","received_events_url":"https://api.github.com/users/Ritika1911/received_events","type":"User","site_admin":false,"name":null,"company":null,"blog":"","location":"Hyderabad, Telangana, India","email":null,"hireable":null,"bio":"Information Technology Undergraduate student.","twitter_username":null,"public_repos":18,"public_gists":0,"followers":3,"following":2,"created_at":"2020-10-06T16:25:15Z","updated_at":"2023-03-28T15:06:05Z","private_gists":0,"total_private_repos":0,"owned_private_repos":0,"disk_usage":15153,"collaborators":0,"two_factor_authentication":false,"plan":{"name":"pro","space":976562499,"collaborators":0,"private_repos":9999}}
[info] 
[info] +  Success! Logged into GitHub as Ritika1911 
[info] 
